[15: 15: 53] [ip]: ::ffff:192.168.1.20 - [method]: POST [url]: /api/v1/user/user_login HTTP/1.1 [status]: 200 [response-time]: 169.793 ms [client]: okhttp/3.12.1
[15: 15: 53] [ip]: ::ffff:192.168.1.20 - [method]: POST [url]: /api/v1/user/user_login HTTP/1.1 [status]: 200 [response-time]: 89.077 ms [client]: okhttp/3.12.1
[15: 15: 53] [ip]: ::ffff:192.168.1.20 - [method]: POST [url]: /api/v1/user/register HTTP/1.1 [status]: 200 [response-time]: 103.694 ms [client]: okhttp/3.12.1
[15: 15: 53] [ip]: ::ffff:192.168.1.20 - [method]: POST [url]: /api/v1/user/user_login HTTP/1.1 [status]: 200 [response-time]: 125.764 ms [client]: okhttp/3.12.1
[15: 15: 53] [ip]: ::ffff:192.168.1.20 - [method]: POST [url]: /api/v1/user/user_login HTTP/1.1 [status]: 200 [response-time]: 89.632 ms [client]: okhttp/3.12.1
[15: 15: 53] [ip]: ::ffff:192.168.1.20 - [method]: POST [url]: /api/v1/user/user_login HTTP/1.1 [status]: 200 [response-time]: 110.558 ms [client]: okhttp/3.12.1
[15: 15: 53] [ip]: ::ffff:192.168.1.20 - [method]: POST [url]: /api/v1/user/user_login HTTP/1.1 [status]: 200 [response-time]: 107.974 ms [client]: okhttp/3.12.1
[15: 15: 53] [ip]: ::ffff:192.168.1.20 - [method]: POST [url]: /api/v1/user/user_login HTTP/1.1 [status]: 200 [response-time]: 98.790 ms [client]: okhttp/3.12.1
[15: 15: 53] [ip]: ::ffff:192.168.1.20 - [method]: POST [url]: /api/v1/user/user_login HTTP/1.1 [status]: 200 [response-time]: 112.889 ms [client]: okhttp/3.12.1
[15: 15: 53] [ip]: ::ffff:192.168.1.20 - [method]: POST [url]: /api/v1/user/user_login HTTP/1.1 [status]: 200 [response-time]: 109.318 ms [client]: okhttp/3.12.1
[17: 22: 55] [ip]: ::1 - [method]: POST [url]: /api/v1/user/register?= HTTP/1.1 [status]: 200 [response-time]: 90.102 ms [client]: PostmanRuntime/7.15.0
[17: 22: 55] [ip]: ::1 - [method]: POST [url]: /api/v1/user/register?= HTTP/1.1 [status]: 200 [response-time]: 0.193 ms [client]: PostmanRuntime/7.15.0
[17: 22: 55] [ip]: ::1 - [method]: POST [url]: /api/v1/user/user_login HTTP/1.1 [status]: 200 [response-time]: 76.271 ms [client]: PostmanRuntime/7.15.0
[17: 22: 55] [ip]: ::1 - [method]: GET [url]: /api/v1/user/user_valid HTTP/1.1 [status]: 500 [response-time]: 5.319 ms [client]: PostmanRuntime/7.15.0
[17: 31: 09] [ip]: ::1 - [method]: GET [url]: /api/v1/user/user_valid HTTP/1.1 [status]: 500 [response-time]: 5.717 ms [client]: PostmanRuntime/7.15.0
[17: 32: 34] [ip]: ::1 - [method]: GET [url]: /api/v1/user/user_valid HTTP/1.1 [status]: 500 [response-time]: 5.600 ms [client]: PostmanRuntime/7.15.0
[17: 36: 57] [ip]: ::1 - [method]: POST [url]: /api/v1/user/user_login HTTP/1.1 [status]: 200 [response-time]: 94.425 ms [client]: PostmanRuntime/7.15.0
[17: 36: 57] [ip]: ::1 - [method]: GET [url]: /api/v1/user/user_valid HTTP/1.1 [status]: 500 [response-time]: 3.417 ms [client]: PostmanRuntime/7.15.0
[17: 36: 57] [ip]: ::1 - [method]: GET [url]: /api/v1/user/user_valid HTTP/1.1 [status]: 500 [response-time]: 0.965 ms [client]: PostmanRuntime/7.15.0
[17: 36: 57] [ip]: ::1 - [method]: GET [url]: /api/v1/user/user_valid HTTP/1.1 [status]: 500 [response-time]: 0.937 ms [client]: PostmanRuntime/7.15.0
[17: 36: 57] [ip]: ::1 - [method]: GET [url]: /api/v1/user/show_user HTTP/1.1 [status]: 200 [response-time]: 1.239 ms [client]: PostmanRuntime/7.15.0
[17: 36: 57] [ip]: ::1 - [method]: GET [url]: /api/v1/user/user_valid HTTP/1.1 [status]: 500 [response-time]: 1.239 ms [client]: PostmanRuntime/7.15.0
[17: 36: 57] [ip]: ::1 - [method]: GET [url]: /api/v1/user/user_valid HTTP/1.1 [status]: 500 [response-time]: 0.750 ms [client]: PostmanRuntime/7.15.0
[17: 36: 57] [ip]: ::1 - [method]: POST [url]: /api/v1/user/register?= HTTP/1.1 [status]: 200 [response-time]: 72.416 ms [client]: PostmanRuntime/7.15.0
[17: 36: 57] [ip]: ::1 - [method]: POST [url]: /api/v1/user/register?= HTTP/1.1 [status]: 200 [response-time]: 74.616 ms [client]: PostmanRuntime/7.15.0
[17: 36: 57] [ip]: ::1 - [method]: POST [url]: /api/v1/user/register?= HTTP/1.1 [status]: 200 [response-time]: 70.322 ms [client]: PostmanRuntime/7.15.0
[17: 36: 57] [ip]: ::1 - [method]: POST [url]: /api/v1/user/register?= HTTP/1.1 [status]: 200 [response-time]: 69.733 ms [client]: PostmanRuntime/7.15.0
[17: 36: 57] [ip]: ::1 - [method]: POST [url]: /api/v1/user/register?= HTTP/1.1 [status]: 200 [response-time]: 69.490 ms [client]: PostmanRuntime/7.15.0
[17: 36: 57] [ip]: ::1 - [method]: POST [url]: /api/v1/user/register?= HTTP/1.1 [status]: 200 [response-time]: 69.817 ms [client]: PostmanRuntime/7.15.0
[17: 36: 57] [ip]: ::1 - [method]: POST [url]: /api/v1/user/register?= HTTP/1.1 [status]: 200 [response-time]: 73.586 ms [client]: PostmanRuntime/7.15.0
[17: 36: 57] [ip]: ::1 - [method]: POST [url]: /api/v1/user/register?= HTTP/1.1 [status]: 200 [response-time]: 70.243 ms [client]: PostmanRuntime/7.15.0
[17: 36: 57] [ip]: ::1 - [method]: POST [url]: /api/v1/user/register?= HTTP/1.1 [status]: 200 [response-time]: 76.550 ms [client]: PostmanRuntime/7.15.0
[17: 36: 57] [ip]: ::1 - [method]: POST [url]: /api/v1/user/register?= HTTP/1.1 [status]: 200 [response-time]: 80.465 ms [client]: PostmanRuntime/7.15.0
[17: 36: 57] [ip]: ::1 - [method]: POST [url]: /api/v1/user/register?= HTTP/1.1 [status]: 200 [response-time]: 84.514 ms [client]: PostmanRuntime/7.15.0
[17: 36: 57] [ip]: ::1 - [method]: POST [url]: /api/v1/user/register?= HTTP/1.1 [status]: 200 [response-time]: 69.080 ms [client]: PostmanRuntime/7.15.0
[17: 36: 57] [ip]: ::1 - [method]: POST [url]: /api/v1/user/register?= HTTP/1.1 [status]: 200 [response-time]: 72.691 ms [client]: PostmanRuntime/7.15.0
[17: 36: 57] [ip]: ::1 - [method]: POST [url]: /api/v1/user/register?= HTTP/1.1 [status]: 200 [response-time]: 71.379 ms [client]: PostmanRuntime/7.15.0
[17: 36: 57] [ip]: ::1 - [method]: POST [url]: /api/v1/user/user_login HTTP/1.1 [status]: 200 [response-time]: 68.743 ms [client]: PostmanRuntime/7.15.0
[17: 36: 57] [ip]: ::1 - [method]: GET [url]: /api/v1/user/user_valid HTTP/1.1 [status]: 500 [response-time]: 1.956 ms [client]: PostmanRuntime/7.15.0
[17: 36: 57] [ip]: ::1 - [method]: GET [url]: /api/v1/user/user_valid HTTP/1.1 [status]: 500 [response-time]: 0.762 ms [client]: PostmanRuntime/7.15.0
[17: 36: 57] [ip]: ::1 - [method]: GET [url]: /api/v1/user/user_valid HTTP/1.1 [status]: 500 [response-time]: 1.601 ms [client]: PostmanRuntime/7.15.0
[17: 36: 57] [ip]: ::1 - [method]: GET [url]: /api/v1/user/user_valid HTTP/1.1 [status]: 500 [response-time]: 0.958 ms [client]: PostmanRuntime/7.15.0
[18: 38: 55] [ip]: ::1 - [method]: GET [url]: /api/v1/user/user_valid HTTP/1.1 [status]: 500 [response-time]: 7.432 ms [client]: PostmanRuntime/7.15.0
[18: 42: 06] [ip]: ::1 - [method]: GET [url]: /api/v1/user/user_valid HTTP/1.1 [status]: 500 [response-time]: 8.528 ms [client]: PostmanRuntime/7.15.0
[18: 42: 59] [ip]: ::1 - [method]: GET [url]: /api/v1/user/user_valid HTTP/1.1 [status]: 200 [response-time]: 5.479 ms [client]: PostmanRuntime/7.15.0
[18: 52: 18] [ip]: ::1 - [method]: POST [url]: /api/v1/user/register?= HTTP/1.1 [status]: 200 [response-time]: 97.374 ms [client]: PostmanRuntime/7.15.0
[18: 52: 18] [ip]: ::1 - [method]: POST [url]: /api/v1/user/user_login HTTP/1.1 [status]: 200 [response-time]: 73.872 ms [client]: PostmanRuntime/7.15.0
[18: 52: 18] [ip]: ::1 - [method]: GET [url]: /api/v1/user/user_valid HTTP/1.1 [status]: 200 [response-time]: 3.496 ms [client]: PostmanRuntime/7.15.0
[18: 52: 18] [ip]: ::1 - [method]: POST [url]: /api/v1/user/register?= HTTP/1.1 [status]: 200 [response-time]: 71.717 ms [client]: PostmanRuntime/7.15.0
[18: 52: 18] [ip]: ::1 - [method]: POST [url]: /api/v1/user/user_login HTTP/1.1 [status]: 200 [response-time]: 70.649 ms [client]: PostmanRuntime/7.15.0
[18: 52: 18] [ip]: ::1 - [method]: GET [url]: /api/v1/user/user_valid HTTP/1.1 [status]: 200 [response-time]: 0.775 ms [client]: PostmanRuntime/7.15.0
[19: 01: 43] [ip]: ::1 - [method]: GET [url]: /api/v1/user/user_valid HTTP/1.1 [status]: 500 [response-time]: 12.051 ms [client]: PostmanRuntime/7.15.0
[19: 02: 02] [ip]: ::1 - [method]: GET [url]: /api/v1/user/user_valid HTTP/1.1 [status]: 200 [response-time]: 7.256 ms [client]: PostmanRuntime/7.15.0
[19: 02: 33] [ip]: ::1 - [method]: GET [url]: /api/v1/user/user_valid HTTP/1.1 [status]: 200 [response-time]: 7.540 ms [client]: PostmanRuntime/7.15.0
[19: 02: 33] [ip]: ::1 - [method]: GET [url]: /api/v1/user/show_user HTTP/1.1 [status]: 200 [response-time]: 1.561 ms [client]: PostmanRuntime/7.15.0
[19: 05: 03] [ip]: ::1 - [method]: GET [url]: /api/v1/user/user_valid HTTP/1.1 [status]: 200 [response-time]: 7.780 ms [client]: PostmanRuntime/7.15.0
[19: 05: 03] [ip]: ::1 - [method]: GET [url]: /api/v1/user/user_valid HTTP/1.1 [status]: 200 [response-time]: 1.004 ms [client]: PostmanRuntime/7.15.0
[19: 05: 56] [ip]: ::1 - [method]: GET [url]: /api/v1/user/user_valid HTTP/1.1 [status]: 200 [response-time]: 7.942 ms [client]: PostmanRuntime/7.15.0
[19: 08: 46] [ip]: ::1 - [method]: POST [url]: /api/v1/user/update_user HTTP/1.1 [status]: 200 [response-time]: 10.987 ms [client]: PostmanRuntime/7.15.0
[19: 23: 57] [ip]: ::1 - [method]: POST [url]: /api/v1/user/update_user HTTP/1.1 [status]: 200 [response-time]: 8.777 ms [client]: PostmanRuntime/7.15.0
[19: 23: 57] [ip]: ::1 - [method]: POST [url]: /api/v1/user/update_password HTTP/1.1 [status]: 200 [response-time]: 154.955 ms [client]: PostmanRuntime/7.15.0
[19: 23: 57] [ip]: ::1 - [method]: POST [url]: /api/v1/user/user_login HTTP/1.1 [status]: 200 [response-time]: 68.708 ms [client]: PostmanRuntime/7.15.0
[19: 23: 57] [ip]: ::1 - [method]: POST [url]: /api/v1/user/user_login HTTP/1.1 [status]: 200 [response-time]: 79.312 ms [client]: PostmanRuntime/7.15.0
