[16: 12: 32] [ip]: ::1 - [method]: POST [url]: /api/v1/user/write_file HTTP/1.1 [status]: 500 [response-time]: 3.363 ms [client]: PostmanRuntime/7.15.0
[16: 21: 33] [ip]: ::1 - [method]: POST [url]: /api/v1/user/write_file HTTP/1.1 [status]: 200 [response-time]: 5.247 ms [client]: PostmanRuntime/7.15.0
[16: 24: 12] [ip]: ::1 - [method]: POST [url]: /api/v1/user/new_file HTTP/1.1 [status]: 200 [response-time]: 3.738 ms [client]: PostmanRuntime/7.15.0
[16: 28: 04] [ip]: ::1 - [method]: GET [url]: /api/v1/user/write_file HTTP/1.1 [status]: 404 [response-time]: 2.113 ms [client]: PostmanRuntime/7.15.0
[16: 28: 04] [ip]: ::1 - [method]: POST [url]: /api/v1/user/write_file HTTP/1.1 [status]: 200 [response-time]: 4.173 ms [client]: PostmanRuntime/7.15.0
[16: 36: 57] [ip]: ::ffff:192.168.1.20 - [method]: POST [url]: /api/v1/user/register HTTP/1.1 [status]: 200 [response-time]: 146.971 ms [client]: okhttp/3.12.1
[16: 36: 57] [ip]: ::ffff:192.168.1.20 - [method]: POST [url]: /api/v1/user/user_login HTTP/1.1 [status]: 200 [response-time]: 97.173 ms [client]: okhttp/3.12.1
[16: 36: 57] [ip]: ::ffff:192.168.1.20 - [method]: GET [url]: /api/v1/user/user_valid HTTP/1.1 [status]: 200 [response-time]: 1.753 ms [client]: okhttp/3.12.1
[16: 45: 20] [ip]: ::1 - [method]: GET [url]: /api/v1/user/read_file HTTP/1.1 [status]: 404 [response-time]: 2.184 ms [client]: PostmanRuntime/7.15.0
[16: 45: 20] [ip]: ::1 - [method]: POST [url]: /api/v1/user/read_file HTTP/1.1 [status]: 404 [response-time]: 0.158 ms [client]: PostmanRuntime/7.15.0
[16: 46: 39] [ip]: ::1 - [method]: POST [url]: /api/v1/user/read_file HTTP/1.1 [status]: 404 [response-time]: 1.874 ms [client]: PostmanRuntime/7.15.0
[16: 47: 17] [ip]: ::1 - [method]: POST [url]: /api/v1/user/read_file HTTP/1.1 [status]: 404 [response-time]: 1.598 ms [client]: PostmanRuntime/7.15.0
[16: 48: 18] [ip]: ::1 - [method]: POST [url]: /api/v1/user/read_file HTTP/1.1 [status]: 404 [response-time]: 1.855 ms [client]: PostmanRuntime/7.15.0
[16: 48: 18] [ip]: ::1 - [method]: POST [url]: /api/v1/user/read_file HTTP/1.1 [status]: 404 [response-time]: 0.470 ms [client]: PostmanRuntime/7.15.0
[16: 50: 03] [ip]: ::1 - [method]: POST [url]: /api/v1/user/read_file HTTP/1.1 [status]: 404 [response-time]: 2.207 ms [client]: PostmanRuntime/7.15.0
[16: 50: 03] [ip]: ::1 - [method]: POST [url]: /api/v1/user/read_file HTTP/1.1 [status]: 404 [response-time]: 0.188 ms [client]: PostmanRuntime/7.15.0
[16: 50: 03] [ip]: ::ffff:192.168.1.20 - [method]: POST [url]: /api/v1/user/user_login HTTP/1.1 [status]: 200 [response-time]: 87.856 ms [client]: okhttp/3.12.1
[16: 50: 03] [ip]: ::ffff:192.168.1.20 - [method]: GET [url]: /api/v1/user/user_valid HTTP/1.1 [status]: 304 [response-time]: 0.741 ms [client]: okhttp/3.12.1
[16: 50: 56] [ip]: ::1 - [method]: POST [url]: /api/v1/user/read_file HTTP/1.1 [status]: 404 [response-time]: 1.631 ms [client]: PostmanRuntime/7.15.0
[16: 50: 56] [ip]: ::1 - [method]: POST [url]: /api/v1/user/read_file HTTP/1.1 [status]: 404 [response-time]: 0.185 ms [client]: PostmanRuntime/7.15.0
[17: 07: 12] [ip]: ::1 - [method]: POST [url]: /api/v1/user/read_file HTTP/1.1 [status]: 404 [response-time]: 1.967 ms [client]: PostmanRuntime/7.15.0
[17: 07: 43] [ip]: ::1 - [method]: POST [url]: /api/v1/user/read_file HTTP/1.1 [status]: 404 [response-time]: 1.622 ms [client]: PostmanRuntime/7.15.0
[17: 08: 10] [ip]: ::1 - [method]: POST [url]: /api/v1/user/read_file HTTP/1.1 [status]: 404 [response-time]: 1.681 ms [client]: PostmanRuntime/7.15.0
[17: 10: 21] [ip]: ::1 - [method]: POST [url]: /api/v1/user/read_file HTTP/1.1 [status]: - [response-time]: - ms [client]: PostmanRuntime/7.15.0
[17: 10: 21] [ip]: ::1 - [method]: POST [url]: /api/v1/user/read_file HTTP/1.1 [status]: - [response-time]: - ms [client]: PostmanRuntime/7.15.0
[17: 14: 13] [ip]: ::1 - [method]: POST [url]: /api/v1/user/read_file HTTP/1.1 [status]: 200 [response-time]: 4.969 ms [client]: PostmanRuntime/7.15.0
[17: 15: 30] [ip]: ::1 - [method]: POST [url]: /api/v1/user/read_file HTTP/1.1 [status]: 200 [response-time]: 2.637 ms [client]: PostmanRuntime/7.15.0
[17: 15: 30] [ip]: ::1 - [method]: POST [url]: /api/v1/user/read_file HTTP/1.1 [status]: 200 [response-time]: 1.677 ms [client]: PostmanRuntime/7.15.0
[17: 17: 59] [ip]: ::1 - [method]: POST [url]: /api/v1/user/read_file HTTP/1.1 [status]: 200 [response-time]: 2.291 ms [client]: PostmanRuntime/7.15.0
[17: 18: 44] [ip]: ::1 - [method]: POST [url]: /api/v1/user/read_file HTTP/1.1 [status]: 200 [response-time]: 3.848 ms [client]: PostmanRuntime/7.15.0
[17: 20: 49] [ip]: ::1 - [method]: POST [url]: /api/v1/user/read_file HTTP/1.1 [status]: 200 [response-time]: 4.032 ms [client]: PostmanRuntime/7.15.0
[17: 20: 49] [ip]: ::1 - [method]: POST [url]: /api/v1/user/read_file HTTP/1.1 [status]: 200 [response-time]: 1.771 ms [client]: PostmanRuntime/7.15.0
[17: 21: 22] [ip]: ::1 - [method]: POST [url]: /api/v1/user/read_file HTTP/1.1 [status]: 200 [response-time]: 2.558 ms [client]: PostmanRuntime/7.15.0
[17: 24: 10] [ip]: ::1 - [method]: POST [url]: /api/v1/user/read_file HTTP/1.1 [status]: 200 [response-time]: 4.388 ms [client]: PostmanRuntime/7.15.0
[17: 24: 38] [ip]: ::1 - [method]: POST [url]: /api/v1/user/read_file HTTP/1.1 [status]: 200 [response-time]: 3.718 ms [client]: PostmanRuntime/7.15.0
[17: 25: 10] [ip]: ::1 - [method]: POST [url]: /api/v1/user/read_file HTTP/1.1 [status]: 200 [response-time]: 4.769 ms [client]: PostmanRuntime/7.15.0
[17: 25: 20] [ip]: ::1 - [method]: POST [url]: /api/v1/user/read_file HTTP/1.1 [status]: 200 [response-time]: 4.369 ms [client]: PostmanRuntime/7.15.0
[17: 25: 34] [ip]: ::1 - [method]: POST [url]: /api/v1/user/read_file HTTP/1.1 [status]: 200 [response-time]: 4.559 ms [client]: PostmanRuntime/7.15.0
[17: 26: 10] [ip]: ::1 - [method]: POST [url]: /api/v1/user/read_file HTTP/1.1 [status]: 200 [response-time]: 5.203 ms [client]: PostmanRuntime/7.15.0
[17: 27: 47] [ip]: ::1 - [method]: POST [url]: /api/v1/user/read_file HTTP/1.1 [status]: 200 [response-time]: 2.672 ms [client]: PostmanRuntime/7.15.0
[17: 29: 45] [ip]: ::1 - [method]: POST [url]: /api/v1/user/read_file HTTP/1.1 [status]: 200 [response-time]: 3.037 ms [client]: PostmanRuntime/7.15.0
[17: 32: 15] [ip]: ::1 - [method]: POST [url]: /api/v1/user/read_file HTTP/1.1 [status]: 200 [response-time]: 5.412 ms [client]: PostmanRuntime/7.15.0
[17: 32: 32] [ip]: ::1 - [method]: POST [url]: /api/v1/user/read_file HTTP/1.1 [status]: 200 [response-time]: 3.196 ms [client]: PostmanRuntime/7.15.0
[17: 32: 32] [ip]: ::1 - [method]: POST [url]: /api/v1/user/read_file HTTP/1.1 [status]: 200 [response-time]: 1.588 ms [client]: PostmanRuntime/7.15.0
[17: 32: 32] [ip]: ::1 - [method]: POST [url]: /api/v1/user/read_file HTTP/1.1 [status]: 200 [response-time]: 0.804 ms [client]: PostmanRuntime/7.15.0
[17: 32: 32] [ip]: ::1 - [method]: POST [url]: /api/v1/user/read_file HTTP/1.1 [status]: 200 [response-time]: 0.915 ms [client]: PostmanRuntime/7.15.0
[17: 32: 32] [ip]: ::ffff:192.168.1.20 - [method]: POST [url]: /api/v1/user/user_login HTTP/1.1 [status]: 200 [response-time]: 9.950 ms [client]: okhttp/3.12.1
[17: 32: 32] [ip]: ::ffff:192.168.1.20 - [method]: POST [url]: /api/v1/user/user_login HTTP/1.1 [status]: 200 [response-time]: 117.892 ms [client]: okhttp/3.12.1
